2025-09-28 12:36:43,883 INFO Incoming request: method=GET path=/list remote=127.0.0.1 ref=https://literate-doodle-4jgrv45gggxxc5jq9-5001.app.github.dev/credentials

2025-09-28 12:36:44,478 INFO Incoming request: method=GET path=/favicon.ico remote=127.0.0.1 ref=https://literate-doodle-4jgrv45gggxxc5jq9-5001.app.github.dev/list

2025-09-28 12:36:50,607 INFO Incoming request: method=GET path=/list remote=127.0.0.1 ref=https://literate-doodle-4jgrv45gggxxc5jq9-5001.app.github.dev/list

2025-09-28 12:38:14,229 INFO Incoming request: method=GET path=/ remote=127.0.0.1 ref=https://literate-doodle-4jgrv45gggxxc5jq9-5001.app.github.dev/list

2025-09-28 12:38:14,596 INFO Incoming request: method=GET path=/favicon.ico remote=127.0.0.1 ref=https://literate-doodle-4jgrv45gggxxc5jq9-5001.app.github.dev/

2025-09-28 12:38:15,250 INFO Incoming request: method=GET path=/fetch remote=127.0.0.1 ref=https://literate-doodle-4jgrv45gggxxc5jq9-5001.app.github.dev/

2025-09-28 12:38:15,733 INFO Incoming request: method=GET path=/favicon.ico remote=127.0.0.1 ref=https://literate-doodle-4jgrv45gggxxc5jq9-5001.app.github.dev/fetch

2025-09-28 12:38:16,166 INFO Incoming request: method=GET path=/list remote=127.0.0.1 ref=https://literate-doodle-4jgrv45gggxxc5jq9-5001.app.github.dev/fetch

2025-09-28 12:38:16,616 INFO Incoming request: method=GET path=/favicon.ico remote=127.0.0.1 ref=https://literate-doodle-4jgrv45gggxxc5jq9-5001.app.github.dev/list

2025-09-28 12:38:17,235 INFO Incoming request: method=GET path=/search remote=127.0.0.1 ref=https://literate-doodle-4jgrv45gggxxc5jq9-5001.app.github.dev/list

2025-09-28 12:38:17,595 INFO Incoming request: method=GET path=/favicon.ico remote=127.0.0.1 ref=https://literate-doodle-4jgrv45gggxxc5jq9-5001.app.github.dev/search

2025-09-28 12:38:18,292 INFO Incoming request: method=GET path=/credentials remote=127.0.0.1 ref=https://literate-doodle-4jgrv45gggxxc5jq9-5001.app.github.dev/search

2025-09-28 12:38:18,743 INFO Incoming request: method=GET path=/favicon.ico remote=127.0.0.1 ref=https://literate-doodle-4jgrv45gggxxc5jq9-5001.app.github.dev/credentials

2025-09-28 12:38:58,449 INFO Incoming request: method=GET path=/credentials remote=127.0.0.1 ref=https://literate-doodle-4jgrv45gggxxc5jq9-5001.app.github.dev/search

2025-09-28 12:38:58,788 INFO Incoming request: method=GET path=/favicon.ico remote=127.0.0.1 ref=https://literate-doodle-4jgrv45gggxxc5jq9-5001.app.github.dev/credentials

2025-09-28 12:39:00,041 INFO Incoming request: method=GET path=/list remote=127.0.0.1 ref=https://literate-doodle-4jgrv45gggxxc5jq9-5001.app.github.dev/credentials

2025-09-28 12:39:00,404 INFO Incoming request: method=GET path=/favicon.ico remote=127.0.0.1 ref=https://literate-doodle-4jgrv45gggxxc5jq9-5001.app.github.dev/list

2025-09-28 12:39:11,020 INFO Incoming request: method=GET path=/list remote=127.0.0.1 ref=https://literate-doodle-4jgrv45gggxxc5jq9-5001.app.github.dev/credentials

2025-09-28 12:39:11,379 INFO Incoming request: method=GET path=/favicon.ico remote=127.0.0.1 ref=https://literate-doodle-4jgrv45gggxxc5jq9-5001.app.github.dev/list

2025-09-28 12:43:01,009 INFO Incoming request: method=GET path=/credentials remote=127.0.0.1 ref=https://literate-doodle-4jgrv45gggxxc5jq9-5001.app.github.dev/list

2025-09-28 12:43:01,570 INFO Incoming request: method=GET path=/favicon.ico remote=127.0.0.1 ref=https://literate-doodle-4jgrv45gggxxc5jq9-5001.app.github.dev/credentials

2025-09-28 12:51:12,319 INFO Incoming request: method=GET path=/fetch remote=127.0.0.1 ref=https://literate-doodle-4jgrv45gggxxc5jq9-5001.app.github.dev/credentials

2025-09-28 12:51:13,003 INFO Incoming request: method=GET path=/favicon.ico remote=127.0.0.1 ref=https://literate-doodle-4jgrv45gggxxc5jq9-5001.app.github.dev/fetch

2025-09-28 12:51:17,720 INFO Incoming request: method=POST path=/fetch remote=127.0.0.1 ref=https://literate-doodle-4jgrv45gggxxc5jq9-5001.app.github.dev/fetch

2025-09-28 12:51:18,773 INFO Incoming request: method=GET path=/favicon.ico remote=127.0.0.1 ref=https://literate-doodle-4jgrv45gggxxc5jq9-5001.app.github.dev/fetch

2025-09-28 12:51:24,698 INFO Incoming request: method=GET path=/search remote=127.0.0.1 ref=https://literate-doodle-4jgrv45gggxxc5jq9-5001.app.github.dev/fetch

2025-09-28 12:51:25,039 INFO Incoming request: method=GET path=/favicon.ico remote=127.0.0.1 ref=https://literate-doodle-4jgrv45gggxxc5jq9-5001.app.github.dev/search

2025-09-28 12:51:26,628 INFO Incoming request: method=POST path=/search remote=127.0.0.1 ref=https://literate-doodle-4jgrv45gggxxc5jq9-5001.app.github.dev/search

2025-09-28 12:51:27,001 INFO Incoming request: method=GET path=/favicon.ico remote=127.0.0.1 ref=https://literate-doodle-4jgrv45gggxxc5jq9-5001.app.github.dev/search

2025-09-28 12:51:33,758 INFO Incoming request: method=POST path=/search remote=127.0.0.1 ref=https://literate-doodle-4jgrv45gggxxc5jq9-5001.app.github.dev/search

2025-09-28 12:51:34,025 INFO Incoming request: method=GET path=/favicon.ico remote=127.0.0.1 ref=https://literate-doodle-4jgrv45gggxxc5jq9-5001.app.github.dev/search

2025-09-28 12:53:10,687 INFO Incoming request: method=POST path=/search remote=127.0.0.1 ref=https://literate-doodle-4jgrv45gggxxc5jq9-5001.app.github.dev/search

2025-09-28 12:53:11,055 INFO Incoming request: method=GET path=/favicon.ico remote=127.0.0.1 ref=https://literate-doodle-4jgrv45gggxxc5jq9-5001.app.github.dev/search

2025-09-28 12:53:15,140 INFO Incoming request: method=POST path=/search remote=127.0.0.1 ref=https://literate-doodle-4jgrv45gggxxc5jq9-5001.app.github.dev/search

2025-09-28 12:53:15,426 INFO Incoming request: method=GET path=/favicon.ico remote=127.0.0.1 ref=https://literate-doodle-4jgrv45gggxxc5jq9-5001.app.github.dev/search

2025-09-28 12:53:28,111 INFO Incoming request: method=POST path=/search remote=127.0.0.1 ref=https://literate-doodle-4jgrv45gggxxc5jq9-5001.app.github.dev/search

2025-09-28 12:53:28,458 INFO Incoming request: method=GET path=/favicon.ico remote=127.0.0.1 ref=https://literate-doodle-4jgrv45gggxxc5jq9-5001.app.github.dev/search

2025-09-28 12:56:21,792 INFO Starting app - MYDATA_ENV=production

2025-09-28 12:56:23,472 INFO Incoming request: method=POST path=/search remote=127.0.0.1 ref=https://literate-doodle-4jgrv45gggxxc5jq9-5001.app.github.dev/search

2025-09-28 12:56:23,876 INFO Incoming request: method=GET path=/favicon.ico remote=127.0.0.1 ref=https://literate-doodle-4jgrv45gggxxc5jq9-5001.app.github.dev/search

2025-09-28 12:57:26,826 INFO Incoming request: method=POST path=/search remote=127.0.0.1 ref=https://literate-doodle-4jgrv45gggxxc5jq9-5001.app.github.dev/search

2025-09-28 12:57:27,394 INFO Incoming request: method=GET path=/favicon.ico remote=127.0.0.1 ref=https://literate-doodle-4jgrv45gggxxc5jq9-5001.app.github.dev/search

2025-09-28 12:58:58,213 INFO Incoming request: method=POST path=/search remote=127.0.0.1 ref=https://literate-doodle-4jgrv45gggxxc5jq9-5001.app.github.dev/search

2025-09-28 12:58:58,582 INFO Incoming request: method=GET path=/favicon.ico remote=127.0.0.1 ref=https://literate-doodle-4jgrv45gggxxc5jq9-5001.app.github.dev/search

2025-09-28 13:00:22,685 INFO Starting app - MYDATA_ENV=production

2025-09-28 13:00:25,461 INFO Incoming request: method=POST path=/search remote=127.0.0.1 ref=https://literate-doodle-4jgrv45gggxxc5jq9-5001.app.github.dev/search

2025-09-28 13:00:25,844 INFO Incoming request: method=GET path=/favicon.ico remote=127.0.0.1 ref=https://literate-doodle-4jgrv45gggxxc5jq9-5001.app.github.dev/search

2025-09-28 13:12:02,650 INFO Starting app - MYDATA_ENV=production

2025-09-28 13:12:05,342 INFO Incoming request: method=POST path=/search remote=127.0.0.1 ref=https://literate-doodle-4jgrv45gggxxc5jq9-5001.app.github.dev/search

2025-09-28 13:12:05,917 INFO Incoming request: method=GET path=/favicon.ico remote=127.0.0.1 ref=https://literate-doodle-4jgrv45gggxxc5jq9-5001.app.github.dev/search

2025-09-28 13:12:25,404 INFO Incoming request: method=POST path=/search remote=127.0.0.1 ref=https://literate-doodle-4jgrv45gggxxc5jq9-5001.app.github.dev/search

2025-09-28 13:12:25,801 INFO Incoming request: method=GET path=/favicon.ico remote=127.0.0.1 ref=https://literate-doodle-4jgrv45gggxxc5jq9-5001.app.github.dev/search

2025-09-28 13:12:27,098 INFO Incoming request: method=POST path=/save_summary remote=127.0.0.1 ref=https://literate-doodle-4jgrv45gggxxc5jq9-5001.app.github.dev/search

2025-09-28 13:12:27,454 INFO Incoming request: method=GET path=/list remote=127.0.0.1 ref=https://literate-doodle-4jgrv45gggxxc5jq9-5001.app.github.dev/search

2025-09-28 13:12:28,436 INFO Incoming request: method=GET path=/favicon.ico remote=127.0.0.1 ref=https://literate-doodle-4jgrv45gggxxc5jq9-5001.app.github.dev/list

2025-09-28 13:13:27,923 INFO Incoming request: method=GET path=/fetch remote=127.0.0.1 ref=https://literate-doodle-4jgrv45gggxxc5jq9-5001.app.github.dev/list

2025-09-28 13:13:28,353 INFO Incoming request: method=GET path=/favicon.ico remote=127.0.0.1 ref=https://literate-doodle-4jgrv45gggxxc5jq9-5001.app.github.dev/fetch

2025-09-28 13:13:33,588 INFO Incoming request: method=POST path=/fetch remote=127.0.0.1 ref=https://literate-doodle-4jgrv45gggxxc5jq9-5001.app.github.dev/fetch

2025-09-28 13:13:34,660 INFO Incoming request: method=GET path=/favicon.ico remote=127.0.0.1 ref=https://literate-doodle-4jgrv45gggxxc5jq9-5001.app.github.dev/fetch

2025-09-28 13:13:40,058 INFO Incoming request: method=GET path=/search remote=127.0.0.1 ref=https://literate-doodle-4jgrv45gggxxc5jq9-5001.app.github.dev/fetch

2025-09-28 13:13:40,402 INFO Incoming request: method=GET path=/favicon.ico remote=127.0.0.1 ref=https://literate-doodle-4jgrv45gggxxc5jq9-5001.app.github.dev/search

2025-09-28 13:13:42,354 INFO Incoming request: method=POST path=/search remote=127.0.0.1 ref=https://literate-doodle-4jgrv45gggxxc5jq9-5001.app.github.dev/search

2025-09-28 13:13:42,625 INFO Incoming request: method=GET path=/favicon.ico remote=127.0.0.1 ref=https://literate-doodle-4jgrv45gggxxc5jq9-5001.app.github.dev/search

2025-09-28 13:13:44,924 INFO Incoming request: method=POST path=/save_summary remote=127.0.0.1 ref=https://literate-doodle-4jgrv45gggxxc5jq9-5001.app.github.dev/search

2025-09-28 13:13:45,030 INFO Incoming request: method=GET path=/list remote=127.0.0.1 ref=https://literate-doodle-4jgrv45gggxxc5jq9-5001.app.github.dev/search

2025-09-28 13:13:45,372 INFO Incoming request: method=GET path=/favicon.ico remote=127.0.0.1 ref=https://literate-doodle-4jgrv45gggxxc5jq9-5001.app.github.dev/list

2025-09-28 13:16:32,394 INFO Incoming request: method=GET path=/list remote=127.0.0.1 ref=https://literate-doodle-4jgrv45gggxxc5jq9-5001.app.github.dev/list

2025-09-28 13:16:47,156 INFO Incoming request: method=POST path=/delete remote=127.0.0.1 ref=https://literate-doodle-4jgrv45gggxxc5jq9-5001.app.github.dev/list

2025-09-28 13:16:47,370 INFO Incoming request: method=GET path=/list remote=127.0.0.1 ref=https://literate-doodle-4jgrv45gggxxc5jq9-5001.app.github.dev/list

2025-09-28 13:16:47,861 INFO Incoming request: method=GET path=/favicon.ico remote=127.0.0.1 ref=https://literate-doodle-4jgrv45gggxxc5jq9-5001.app.github.dev/list

2025-09-28 13:16:53,982 INFO Incoming request: method=GET path=/fetch remote=127.0.0.1 ref=https://literate-doodle-4jgrv45gggxxc5jq9-5001.app.github.dev/list

2025-09-28 13:16:54,412 INFO Incoming request: method=GET path=/favicon.ico remote=127.0.0.1 ref=https://literate-doodle-4jgrv45gggxxc5jq9-5001.app.github.dev/fetch

2025-09-28 13:17:08,649 INFO Incoming request: method=POST path=/fetch remote=127.0.0.1 ref=https://literate-doodle-4jgrv45gggxxc5jq9-5001.app.github.dev/fetch

2025-09-28 13:17:09,362 INFO Incoming request: method=GET path=/favicon.ico remote=127.0.0.1 ref=https://literate-doodle-4jgrv45gggxxc5jq9-5001.app.github.dev/fetch

2025-09-28 13:17:14,741 INFO Incoming request: method=GET path=/search remote=127.0.0.1 ref=https://literate-doodle-4jgrv45gggxxc5jq9-5001.app.github.dev/fetch

2025-09-28 13:17:15,103 INFO Incoming request: method=GET path=/favicon.ico remote=127.0.0.1 ref=https://literate-doodle-4jgrv45gggxxc5jq9-5001.app.github.dev/search

2025-09-28 13:17:16,792 INFO Incoming request: method=POST path=/search remote=127.0.0.1 ref=https://literate-doodle-4jgrv45gggxxc5jq9-5001.app.github.dev/search

2025-09-28 13:17:17,082 INFO Incoming request: method=GET path=/favicon.ico remote=127.0.0.1 ref=https://literate-doodle-4jgrv45gggxxc5jq9-5001.app.github.dev/search

2025-09-28 13:17:19,152 INFO Incoming request: method=POST path=/save_summary remote=127.0.0.1 ref=https://literate-doodle-4jgrv45gggxxc5jq9-5001.app.github.dev/search

2025-09-28 13:17:19,252 INFO Incoming request: method=GET path=/list remote=127.0.0.1 ref=https://literate-doodle-4jgrv45gggxxc5jq9-5001.app.github.dev/search

2025-09-28 13:17:19,609 INFO Incoming request: method=GET path=/favicon.ico remote=127.0.0.1 ref=https://literate-doodle-4jgrv45gggxxc5jq9-5001.app.github.dev/list

2025-09-28 13:17:22,400 INFO Incoming request: method=GET path=/fetch remote=127.0.0.1 ref=https://literate-doodle-4jgrv45gggxxc5jq9-5001.app.github.dev/list

2025-09-28 13:17:22,749 INFO Incoming request: method=GET path=/favicon.ico remote=127.0.0.1 ref=https://literate-doodle-4jgrv45gggxxc5jq9-5001.app.github.dev/fetch

2025-09-28 13:17:29,286 INFO Incoming request: method=POST path=/fetch remote=127.0.0.1 ref=https://literate-doodle-4jgrv45gggxxc5jq9-5001.app.github.dev/fetch

2025-09-28 13:17:30,189 INFO Incoming request: method=GET path=/favicon.ico remote=127.0.0.1 ref=https://literate-doodle-4jgrv45gggxxc5jq9-5001.app.github.dev/fetch

2025-09-28 13:17:35,805 INFO Incoming request: method=GET path=/search remote=127.0.0.1 ref=https://literate-doodle-4jgrv45gggxxc5jq9-5001.app.github.dev/fetch

2025-09-28 13:17:36,086 INFO Incoming request: method=GET path=/favicon.ico remote=127.0.0.1 ref=https://literate-doodle-4jgrv45gggxxc5jq9-5001.app.github.dev/search

2025-09-28 13:17:37,727 INFO Incoming request: method=POST path=/search remote=127.0.0.1 ref=https://literate-doodle-4jgrv45gggxxc5jq9-5001.app.github.dev/search

2025-09-28 13:17:38,010 INFO Incoming request: method=GET path=/favicon.ico remote=127.0.0.1 ref=https://literate-doodle-4jgrv45gggxxc5jq9-5001.app.github.dev/search

2025-09-28 13:17:39,792 INFO Incoming request: method=POST path=/save_summary remote=127.0.0.1 ref=https://literate-doodle-4jgrv45gggxxc5jq9-5001.app.github.dev/search

2025-09-28 13:17:39,899 INFO Incoming request: method=GET path=/list remote=127.0.0.1 ref=https://literate-doodle-4jgrv45gggxxc5jq9-5001.app.github.dev/search

2025-09-28 13:17:40,402 INFO Incoming request: method=GET path=/favicon.ico remote=127.0.0.1 ref=https://literate-doodle-4jgrv45gggxxc5jq9-5001.app.github.dev/list

2025-09-28 13:17:44,141 INFO Incoming request: method=GET path=/fetch remote=127.0.0.1 ref=https://literate-doodle-4jgrv45gggxxc5jq9-5001.app.github.dev/list

2025-09-28 13:17:44,475 INFO Incoming request: method=GET path=/favicon.ico remote=127.0.0.1 ref=https://literate-doodle-4jgrv45gggxxc5jq9-5001.app.github.dev/fetch

2025-09-28 13:17:49,367 INFO Incoming request: method=POST path=/fetch remote=127.0.0.1 ref=https://literate-doodle-4jgrv45gggxxc5jq9-5001.app.github.dev/fetch

2025-09-28 13:17:50,165 INFO Incoming request: method=GET path=/favicon.ico remote=127.0.0.1 ref=https://literate-doodle-4jgrv45gggxxc5jq9-5001.app.github.dev/fetch

2025-09-28 13:17:56,917 INFO Incoming request: method=GET path=/search remote=127.0.0.1 ref=https://literate-doodle-4jgrv45gggxxc5jq9-5001.app.github.dev/fetch

2025-09-28 13:17:57,179 INFO Incoming request: method=GET path=/favicon.ico remote=127.0.0.1 ref=https://literate-doodle-4jgrv45gggxxc5jq9-5001.app.github.dev/search

2025-09-28 13:17:58,744 INFO Incoming request: method=POST path=/search remote=127.0.0.1 ref=https://literate-doodle-4jgrv45gggxxc5jq9-5001.app.github.dev/search

2025-09-28 13:17:59,030 INFO Incoming request: method=GET path=/favicon.ico remote=127.0.0.1 ref=https://literate-doodle-4jgrv45gggxxc5jq9-5001.app.github.dev/search

2025-09-28 13:18:01,281 INFO Incoming request: method=POST path=/save_summary remote=127.0.0.1 ref=https://literate-doodle-4jgrv45gggxxc5jq9-5001.app.github.dev/search

2025-09-28 13:18:01,386 INFO Incoming request: method=GET path=/list remote=127.0.0.1 ref=https://literate-doodle-4jgrv45gggxxc5jq9-5001.app.github.dev/search

2025-09-28 13:18:01,766 INFO Incoming request: method=GET path=/favicon.ico remote=127.0.0.1 ref=https://literate-doodle-4jgrv45gggxxc5jq9-5001.app.github.dev/list

2025-09-28 13:18:09,621 INFO Incoming request: method=POST path=/delete remote=127.0.0.1 ref=https://literate-doodle-4jgrv45gggxxc5jq9-5001.app.github.dev/list

2025-09-28 13:18:09,720 INFO Incoming request: method=GET path=/list remote=127.0.0.1 ref=https://literate-doodle-4jgrv45gggxxc5jq9-5001.app.github.dev/list

2025-09-28 13:18:10,038 INFO Incoming request: method=GET path=/favicon.ico remote=127.0.0.1 ref=https://literate-doodle-4jgrv45gggxxc5jq9-5001.app.github.dev/list

2025-09-28 13:18:30,333 INFO Incoming request: method=GET path=/fetch remote=127.0.0.1 ref=https://literate-doodle-4jgrv45gggxxc5jq9-5001.app.github.dev/list

2025-09-28 13:18:30,777 INFO Incoming request: method=GET path=/favicon.ico remote=127.0.0.1 ref=https://literate-doodle-4jgrv45gggxxc5jq9-5001.app.github.dev/fetch

2025-09-28 13:18:35,955 INFO Incoming request: method=POST path=/fetch remote=127.0.0.1 ref=https://literate-doodle-4jgrv45gggxxc5jq9-5001.app.github.dev/fetch

2025-09-28 13:18:36,677 INFO Incoming request: method=GET path=/favicon.ico remote=127.0.0.1 ref=https://literate-doodle-4jgrv45gggxxc5jq9-5001.app.github.dev/fetch

2025-09-28 13:18:41,472 INFO Incoming request: method=GET path=/search remote=127.0.0.1 ref=https://literate-doodle-4jgrv45gggxxc5jq9-5001.app.github.dev/fetch

2025-09-28 13:18:41,627 INFO Incoming request: method=GET path=/favicon.ico remote=127.0.0.1 ref=https://literate-doodle-4jgrv45gggxxc5jq9-5001.app.github.dev/search

2025-09-28 13:18:58,718 INFO Incoming request: method=GET path=/search remote=127.0.0.1 ref=https://literate-doodle-4jgrv45gggxxc5jq9-5001.app.github.dev/fetch

2025-09-28 13:18:59,002 INFO Incoming request: method=GET path=/favicon.ico remote=127.0.0.1 ref=https://literate-doodle-4jgrv45gggxxc5jq9-5001.app.github.dev/search

2025-09-28 13:43:25,372 INFO Incoming request: method=POST path=/search remote=127.0.0.1 ref=https://literate-doodle-4jgrv45gggxxc5jq9-5001.app.github.dev/search

2025-09-28 13:43:25,905 INFO Incoming request: method=GET path=/favicon.ico remote=127.0.0.1 ref=https://literate-doodle-4jgrv45gggxxc5jq9-5001.app.github.dev/search

2025-09-28 13:43:29,598 INFO Incoming request: method=POST path=/save_summary remote=127.0.0.1 ref=https://literate-doodle-4jgrv45gggxxc5jq9-5001.app.github.dev/search

2025-09-28 13:43:29,777 INFO Incoming request: method=GET path=/list remote=127.0.0.1 ref=https://literate-doodle-4jgrv45gggxxc5jq9-5001.app.github.dev/search

2025-09-28 13:43:30,262 INFO Incoming request: method=GET path=/favicon.ico remote=127.0.0.1 ref=https://literate-doodle-4jgrv45gggxxc5jq9-5001.app.github.dev/list

2025-09-28 13:43:49,080 INFO Incoming request: method=POST path=/delete remote=127.0.0.1 ref=https://literate-doodle-4jgrv45gggxxc5jq9-5001.app.github.dev/list

2025-09-28 13:43:49,258 INFO Incoming request: method=GET path=/list remote=127.0.0.1 ref=https://literate-doodle-4jgrv45gggxxc5jq9-5001.app.github.dev/list

2025-09-28 13:43:49,710 INFO Incoming request: method=GET path=/favicon.ico remote=127.0.0.1 ref=https://literate-doodle-4jgrv45gggxxc5jq9-5001.app.github.dev/list

2025-09-28 13:55:57,831 INFO Incoming request: method=GET path=/fetch remote=127.0.0.1 ref=https://literate-doodle-4jgrv45gggxxc5jq9-5001.app.github.dev/list

2025-09-28 13:55:58,428 INFO Incoming request: method=GET path=/favicon.ico remote=127.0.0.1 ref=https://literate-doodle-4jgrv45gggxxc5jq9-5001.app.github.dev/fetch

2025-09-28 13:56:02,623 INFO Incoming request: method=GET path=/search remote=127.0.0.1 ref=https://literate-doodle-4jgrv45gggxxc5jq9-5001.app.github.dev/fetch

2025-09-28 13:56:03,020 INFO Incoming request: method=GET path=/favicon.ico remote=127.0.0.1 ref=https://literate-doodle-4jgrv45gggxxc5jq9-5001.app.github.dev/search

2025-09-28 13:56:05,052 INFO Incoming request: method=GET path=/fetch remote=127.0.0.1 ref=https://literate-doodle-4jgrv45gggxxc5jq9-5001.app.github.dev/search

2025-09-28 13:56:05,468 INFO Incoming request: method=GET path=/favicon.ico remote=127.0.0.1 ref=https://literate-doodle-4jgrv45gggxxc5jq9-5001.app.github.dev/fetch

2025-09-28 13:57:00,621 INFO Incoming request: method=GET path=/search remote=127.0.0.1 ref=https://literate-doodle-4jgrv45gggxxc5jq9-5001.app.github.dev/fetch

2025-09-28 13:57:01,041 INFO Incoming request: method=GET path=/favicon.ico remote=127.0.0.1 ref=https://literate-doodle-4jgrv45gggxxc5jq9-5001.app.github.dev/search

2025-09-28 13:57:04,862 INFO Incoming request: method=POST path=/search remote=127.0.0.1 ref=https://literate-doodle-4jgrv45gggxxc5jq9-5001.app.github.dev/search

2025-09-28 13:57:05,145 INFO Incoming request: method=GET path=/favicon.ico remote=127.0.0.1 ref=https://literate-doodle-4jgrv45gggxxc5jq9-5001.app.github.dev/search

2025-09-28 13:57:11,175 INFO Incoming request: method=POST path=/save_summary remote=127.0.0.1 ref=https://literate-doodle-4jgrv45gggxxc5jq9-5001.app.github.dev/search

2025-09-28 13:57:11,279 INFO Incoming request: method=GET path=/list remote=127.0.0.1 ref=https://literate-doodle-4jgrv45gggxxc5jq9-5001.app.github.dev/search

2025-09-28 13:57:12,513 INFO Incoming request: method=GET path=/favicon.ico remote=127.0.0.1 ref=https://literate-doodle-4jgrv45gggxxc5jq9-5001.app.github.dev/list

2025-09-28 14:00:07,470 INFO Starting app - MYDATA_ENV=production

2025-09-28 14:00:19,291 ERROR Unhandled exception: 404 Not Found: The requested URL was not found on the server. If you entered the URL manually please check your spelling and try again.
Traceback (most recent call last):
  File "/home/codespace/.local/lib/python3.12/site-packages/flask/app.py", line 917, in full_dispatch_request
    rv = self.dispatch_request()
         ^^^^^^^^^^^^^^^^^^^^^^^
  File "/home/codespace/.local/lib/python3.12/site-packages/flask/app.py", line 891, in dispatch_request
    self.raise_routing_exception(req)
  File "/home/codespace/.local/lib/python3.12/site-packages/flask/app.py", line 500, in raise_routing_exception
    raise request.routing_exception  # type: ignore[misc]
    ^^^^^^^^^^^^^^^^^^^^^^^^^^^^^^^
  File "/home/codespace/.local/lib/python3.12/site-packages/flask/ctx.py", line 362, in match_request
    result = self.url_adapter.match(return_rule=True)  # type: ignore
             ^^^^^^^^^^^^^^^^^^^^^^^^^^^^^^^^^^^^^^^^
  File "/home/codespace/.local/lib/python3.12/site-packages/werkzeug/routing/map.py", line 629, in match
    raise NotFound() from None
werkzeug.exceptions.NotFound: 404 Not Found: The requested URL was not found on the server. If you entered the URL manually please check your spelling and try again.


2025-09-28 14:00:19,308 ERROR Template rendering failed for error_generic.html: Could not build url for endpoint 'home'. Did you mean 'health' instead?
Traceback (most recent call last):
  File "/home/codespace/.local/lib/python3.12/site-packages/flask/app.py", line 917, in full_dispatch_request
    rv = self.dispatch_request()
         ^^^^^^^^^^^^^^^^^^^^^^^
  File "/home/codespace/.local/lib/python3.12/site-packages/flask/app.py", line 891, in dispatch_request
    self.raise_routing_exception(req)
  File "/home/codespace/.local/lib/python3.12/site-packages/flask/app.py", line 500, in raise_routing_exception
    raise request.routing_exception  # type: ignore[misc]
    ^^^^^^^^^^^^^^^^^^^^^^^^^^^^^^^
  File "/home/codespace/.local/lib/python3.12/site-packages/flask/ctx.py", line 362, in match_request
    result = self.url_adapter.match(return_rule=True)  # type: ignore
             ^^^^^^^^^^^^^^^^^^^^^^^^^^^^^^^^^^^^^^^^
  File "/home/codespace/.local/lib/python3.12/site-packages/werkzeug/routing/map.py", line 629, in match
    raise NotFound() from None
werkzeug.exceptions.NotFound: 404 Not Found: The requested URL was not found on the server. If you entered the URL manually please check your spelling and try again.

During handling of the above exception, another exception occurred:

Traceback (most recent call last):
  File "/workspaces/Firebed_private/app.py", line 282, in safe_render
    return render_template(template_name, **ctx)
           ^^^^^^^^^^^^^^^^^^^^^^^^^^^^^^^^^^^^^
  File "/home/codespace/.local/lib/python3.12/site-packages/flask/templating.py", line 150, in render_template
    return _render(app, template, context)
           ^^^^^^^^^^^^^^^^^^^^^^^^^^^^^^^
  File "/home/codespace/.local/lib/python3.12/site-packages/flask/templating.py", line 131, in _render
    rv = template.render(context)
         ^^^^^^^^^^^^^^^^^^^^^^^^
  File "/home/codespace/.local/lib/python3.12/site-packages/jinja2/environment.py", line 1295, in render
    self.environment.handle_exception()
  File "/home/codespace/.local/lib/python3.12/site-packages/jinja2/environment.py", line 942, in handle_exception
    raise rewrite_traceback_stack(source=source)
  File "/workspaces/Firebed_private/templates/error_generic.html", line 1, in top-level template code
    {% extends "base.html" %}
  File "/workspaces/Firebed_private/templates/base.html", line 47, in top-level template code
    <a href="{{ url_for('home') }}" class="px-3 py-2 rounded-md text-sm font-medium {% if active_page=='home' %}bg-sky-600 text-white{% else %}bg-white border hover:bg-gray-100 text-gray-700{% endif %}">Μενού</a>
    ^^^^^^^^^^^^^^^^^^^^^^^^^
  File "/home/codespace/.local/lib/python3.12/site-packages/flask/app.py", line 1121, in url_for
    return self.handle_url_build_error(error, endpoint, values)
           ^^^^^^^^^^^^^^^^^^^^^^^^^^^^^^^^^^^^^^^^^^^^^^^^^^^^
  File "/home/codespace/.local/lib/python3.12/site-packages/flask/app.py", line 1110, in url_for
    rv = url_adapter.build(  # type: ignore[union-attr]
         ^^^^^^^^^^^^^^^^^^^^^^^^^^^^^^^^^^^^^^^^^^^^^^
  File "/home/codespace/.local/lib/python3.12/site-packages/werkzeug/routing/map.py", line 924, in build
    raise BuildError(endpoint, values, method, self)
werkzeug.routing.exceptions.BuildError: Could not build url for endpoint 'home'. Did you mean 'health' instead?


2025-09-28 14:00:47,097 ERROR Unhandled exception: 404 Not Found: The requested URL was not found on the server. If you entered the URL manually please check your spelling and try again.
Traceback (most recent call last):
  File "/home/codespace/.local/lib/python3.12/site-packages/flask/app.py", line 917, in full_dispatch_request
    rv = self.dispatch_request()
         ^^^^^^^^^^^^^^^^^^^^^^^
  File "/home/codespace/.local/lib/python3.12/site-packages/flask/app.py", line 891, in dispatch_request
    self.raise_routing_exception(req)
  File "/home/codespace/.local/lib/python3.12/site-packages/flask/app.py", line 500, in raise_routing_exception
    raise request.routing_exception  # type: ignore[misc]
    ^^^^^^^^^^^^^^^^^^^^^^^^^^^^^^^
  File "/home/codespace/.local/lib/python3.12/site-packages/flask/ctx.py", line 362, in match_request
    result = self.url_adapter.match(return_rule=True)  # type: ignore
             ^^^^^^^^^^^^^^^^^^^^^^^^^^^^^^^^^^^^^^^^
  File "/home/codespace/.local/lib/python3.12/site-packages/werkzeug/routing/map.py", line 629, in match
    raise NotFound() from None
werkzeug.exceptions.NotFound: 404 Not Found: The requested URL was not found on the server. If you entered the URL manually please check your spelling and try again.


2025-09-28 14:00:47,099 ERROR Template rendering failed for error_generic.html: Could not build url for endpoint 'home'. Did you mean 'health' instead?
Traceback (most recent call last):
  File "/home/codespace/.local/lib/python3.12/site-packages/flask/app.py", line 917, in full_dispatch_request
    rv = self.dispatch_request()
         ^^^^^^^^^^^^^^^^^^^^^^^
  File "/home/codespace/.local/lib/python3.12/site-packages/flask/app.py", line 891, in dispatch_request
    self.raise_routing_exception(req)
  File "/home/codespace/.local/lib/python3.12/site-packages/flask/app.py", line 500, in raise_routing_exception
    raise request.routing_exception  # type: ignore[misc]
    ^^^^^^^^^^^^^^^^^^^^^^^^^^^^^^^
  File "/home/codespace/.local/lib/python3.12/site-packages/flask/ctx.py", line 362, in match_request
    result = self.url_adapter.match(return_rule=True)  # type: ignore
             ^^^^^^^^^^^^^^^^^^^^^^^^^^^^^^^^^^^^^^^^
  File "/home/codespace/.local/lib/python3.12/site-packages/werkzeug/routing/map.py", line 629, in match
    raise NotFound() from None
werkzeug.exceptions.NotFound: 404 Not Found: The requested URL was not found on the server. If you entered the URL manually please check your spelling and try again.

During handling of the above exception, another exception occurred:

Traceback (most recent call last):
  File "/workspaces/Firebed_private/app.py", line 282, in safe_render
    return render_template(template_name, **ctx)
           ^^^^^^^^^^^^^^^^^^^^^^^^^^^^^^^^^^^^^
  File "/home/codespace/.local/lib/python3.12/site-packages/flask/templating.py", line 150, in render_template
    return _render(app, template, context)
           ^^^^^^^^^^^^^^^^^^^^^^^^^^^^^^^
  File "/home/codespace/.local/lib/python3.12/site-packages/flask/templating.py", line 131, in _render
    rv = template.render(context)
         ^^^^^^^^^^^^^^^^^^^^^^^^
  File "/home/codespace/.local/lib/python3.12/site-packages/jinja2/environment.py", line 1295, in render
    self.environment.handle_exception()
  File "/home/codespace/.local/lib/python3.12/site-packages/jinja2/environment.py", line 942, in handle_exception
    raise rewrite_traceback_stack(source=source)
  File "/workspaces/Firebed_private/templates/error_generic.html", line 1, in top-level template code
    {% extends "base.html" %}
  File "/workspaces/Firebed_private/templates/base.html", line 47, in top-level template code
    <a href="{{ url_for('home') }}" class="px-3 py-2 rounded-md text-sm font-medium {% if active_page=='home' %}bg-sky-600 text-white{% else %}bg-white border hover:bg-gray-100 text-gray-700{% endif %}">Μενού</a>
    ^^^^^^^^^^^^^^^^^^^^^^^^^
  File "/home/codespace/.local/lib/python3.12/site-packages/flask/app.py", line 1121, in url_for
    return self.handle_url_build_error(error, endpoint, values)
           ^^^^^^^^^^^^^^^^^^^^^^^^^^^^^^^^^^^^^^^^^^^^^^^^^^^^
  File "/home/codespace/.local/lib/python3.12/site-packages/flask/app.py", line 1110, in url_for
    rv = url_adapter.build(  # type: ignore[union-attr]
         ^^^^^^^^^^^^^^^^^^^^^^^^^^^^^^^^^^^^^^^^^^^^^^
  File "/home/codespace/.local/lib/python3.12/site-packages/werkzeug/routing/map.py", line 924, in build
    raise BuildError(endpoint, values, method, self)
werkzeug.routing.exceptions.BuildError: Could not build url for endpoint 'home'. Did you mean 'health' instead?


2025-09-28 14:02:06,903 ERROR Unhandled exception: 404 Not Found: The requested URL was not found on the server. If you entered the URL manually please check your spelling and try again.
Traceback (most recent call last):
  File "/home/codespace/.local/lib/python3.12/site-packages/flask/app.py", line 917, in full_dispatch_request
    rv = self.dispatch_request()
         ^^^^^^^^^^^^^^^^^^^^^^^
  File "/home/codespace/.local/lib/python3.12/site-packages/flask/app.py", line 891, in dispatch_request
    self.raise_routing_exception(req)
  File "/home/codespace/.local/lib/python3.12/site-packages/flask/app.py", line 500, in raise_routing_exception
    raise request.routing_exception  # type: ignore[misc]
    ^^^^^^^^^^^^^^^^^^^^^^^^^^^^^^^
  File "/home/codespace/.local/lib/python3.12/site-packages/flask/ctx.py", line 362, in match_request
    result = self.url_adapter.match(return_rule=True)  # type: ignore
             ^^^^^^^^^^^^^^^^^^^^^^^^^^^^^^^^^^^^^^^^
  File "/home/codespace/.local/lib/python3.12/site-packages/werkzeug/routing/map.py", line 629, in match
    raise NotFound() from None
werkzeug.exceptions.NotFound: 404 Not Found: The requested URL was not found on the server. If you entered the URL manually please check your spelling and try again.


2025-09-28 14:02:06,906 ERROR Template rendering failed for error_generic.html: Could not build url for endpoint 'home'. Did you mean 'health' instead?
Traceback (most recent call last):
  File "/home/codespace/.local/lib/python3.12/site-packages/flask/app.py", line 917, in full_dispatch_request
    rv = self.dispatch_request()
         ^^^^^^^^^^^^^^^^^^^^^^^
  File "/home/codespace/.local/lib/python3.12/site-packages/flask/app.py", line 891, in dispatch_request
    self.raise_routing_exception(req)
  File "/home/codespace/.local/lib/python3.12/site-packages/flask/app.py", line 500, in raise_routing_exception
    raise request.routing_exception  # type: ignore[misc]
    ^^^^^^^^^^^^^^^^^^^^^^^^^^^^^^^
  File "/home/codespace/.local/lib/python3.12/site-packages/flask/ctx.py", line 362, in match_request
    result = self.url_adapter.match(return_rule=True)  # type: ignore
             ^^^^^^^^^^^^^^^^^^^^^^^^^^^^^^^^^^^^^^^^
  File "/home/codespace/.local/lib/python3.12/site-packages/werkzeug/routing/map.py", line 629, in match
    raise NotFound() from None
werkzeug.exceptions.NotFound: 404 Not Found: The requested URL was not found on the server. If you entered the URL manually please check your spelling and try again.

During handling of the above exception, another exception occurred:

Traceback (most recent call last):
  File "/workspaces/Firebed_private/app.py", line 282, in safe_render
    return render_template(template_name, **ctx)
           ^^^^^^^^^^^^^^^^^^^^^^^^^^^^^^^^^^^^^
  File "/home/codespace/.local/lib/python3.12/site-packages/flask/templating.py", line 150, in render_template
    return _render(app, template, context)
           ^^^^^^^^^^^^^^^^^^^^^^^^^^^^^^^
  File "/home/codespace/.local/lib/python3.12/site-packages/flask/templating.py", line 131, in _render
    rv = template.render(context)
         ^^^^^^^^^^^^^^^^^^^^^^^^
  File "/home/codespace/.local/lib/python3.12/site-packages/jinja2/environment.py", line 1295, in render
    self.environment.handle_exception()
  File "/home/codespace/.local/lib/python3.12/site-packages/jinja2/environment.py", line 942, in handle_exception
    raise rewrite_traceback_stack(source=source)
  File "/workspaces/Firebed_private/templates/error_generic.html", line 1, in top-level template code
    {% extends "base.html" %}
  File "/workspaces/Firebed_private/templates/base.html", line 47, in top-level template code
    <a href="{{ url_for('home') }}" class="px-3 py-2 rounded-md text-sm font-medium {% if active_page=='home' %}bg-sky-600 text-white{% else %}bg-white border hover:bg-gray-100 text-gray-700{% endif %}">Μενού</a>
    ^^^^^^^^^^^^^^^^^^^^^^^^^
  File "/home/codespace/.local/lib/python3.12/site-packages/flask/app.py", line 1121, in url_for
    return self.handle_url_build_error(error, endpoint, values)
           ^^^^^^^^^^^^^^^^^^^^^^^^^^^^^^^^^^^^^^^^^^^^^^^^^^^^
  File "/home/codespace/.local/lib/python3.12/site-packages/flask/app.py", line 1110, in url_for
    rv = url_adapter.build(  # type: ignore[union-attr]
         ^^^^^^^^^^^^^^^^^^^^^^^^^^^^^^^^^^^^^^^^^^^^^^
  File "/home/codespace/.local/lib/python3.12/site-packages/werkzeug/routing/map.py", line 924, in build
    raise BuildError(endpoint, values, method, self)
werkzeug.routing.exceptions.BuildError: Could not build url for endpoint 'home'. Did you mean 'health' instead?


2025-09-28 14:04:43,754 ERROR Unhandled exception: 404 Not Found: The requested URL was not found on the server. If you entered the URL manually please check your spelling and try again.
Traceback (most recent call last):
  File "/home/codespace/.local/lib/python3.12/site-packages/flask/app.py", line 917, in full_dispatch_request
    rv = self.dispatch_request()
         ^^^^^^^^^^^^^^^^^^^^^^^
  File "/home/codespace/.local/lib/python3.12/site-packages/flask/app.py", line 891, in dispatch_request
    self.raise_routing_exception(req)
  File "/home/codespace/.local/lib/python3.12/site-packages/flask/app.py", line 500, in raise_routing_exception
    raise request.routing_exception  # type: ignore[misc]
    ^^^^^^^^^^^^^^^^^^^^^^^^^^^^^^^
  File "/home/codespace/.local/lib/python3.12/site-packages/flask/ctx.py", line 362, in match_request
    result = self.url_adapter.match(return_rule=True)  # type: ignore
             ^^^^^^^^^^^^^^^^^^^^^^^^^^^^^^^^^^^^^^^^
  File "/home/codespace/.local/lib/python3.12/site-packages/werkzeug/routing/map.py", line 629, in match
    raise NotFound() from None
werkzeug.exceptions.NotFound: 404 Not Found: The requested URL was not found on the server. If you entered the URL manually please check your spelling and try again.


2025-09-28 14:04:43,755 ERROR Template rendering failed for error_generic.html: Could not build url for endpoint 'home'. Did you mean 'health' instead?
Traceback (most recent call last):
  File "/home/codespace/.local/lib/python3.12/site-packages/flask/app.py", line 917, in full_dispatch_request
    rv = self.dispatch_request()
         ^^^^^^^^^^^^^^^^^^^^^^^
  File "/home/codespace/.local/lib/python3.12/site-packages/flask/app.py", line 891, in dispatch_request
    self.raise_routing_exception(req)
  File "/home/codespace/.local/lib/python3.12/site-packages/flask/app.py", line 500, in raise_routing_exception
    raise request.routing_exception  # type: ignore[misc]
    ^^^^^^^^^^^^^^^^^^^^^^^^^^^^^^^
  File "/home/codespace/.local/lib/python3.12/site-packages/flask/ctx.py", line 362, in match_request
    result = self.url_adapter.match(return_rule=True)  # type: ignore
             ^^^^^^^^^^^^^^^^^^^^^^^^^^^^^^^^^^^^^^^^
  File "/home/codespace/.local/lib/python3.12/site-packages/werkzeug/routing/map.py", line 629, in match
    raise NotFound() from None
werkzeug.exceptions.NotFound: 404 Not Found: The requested URL was not found on the server. If you entered the URL manually please check your spelling and try again.

During handling of the above exception, another exception occurred:

Traceback (most recent call last):
  File "/workspaces/Firebed_private/app.py", line 282, in safe_render
    return render_template(template_name, **ctx)
           ^^^^^^^^^^^^^^^^^^^^^^^^^^^^^^^^^^^^^
  File "/home/codespace/.local/lib/python3.12/site-packages/flask/templating.py", line 150, in render_template
    return _render(app, template, context)
           ^^^^^^^^^^^^^^^^^^^^^^^^^^^^^^^
  File "/home/codespace/.local/lib/python3.12/site-packages/flask/templating.py", line 131, in _render
    rv = template.render(context)
         ^^^^^^^^^^^^^^^^^^^^^^^^
  File "/home/codespace/.local/lib/python3.12/site-packages/jinja2/environment.py", line 1295, in render
    self.environment.handle_exception()
  File "/home/codespace/.local/lib/python3.12/site-packages/jinja2/environment.py", line 942, in handle_exception
    raise rewrite_traceback_stack(source=source)
  File "/workspaces/Firebed_private/templates/error_generic.html", line 1, in top-level template code
    {% extends "base.html" %}
  File "/workspaces/Firebed_private/templates/base.html", line 47, in top-level template code
    <a href="{{ url_for('home') }}" class="px-3 py-2 rounded-md text-sm font-medium {% if active_page=='home' %}bg-sky-600 text-white{% else %}bg-white border hover:bg-gray-100 text-gray-700{% endif %}">Μενού</a>
    ^^^^^^^^^^^^^^^^^^^^^^^^^
  File "/home/codespace/.local/lib/python3.12/site-packages/flask/app.py", line 1121, in url_for
    return self.handle_url_build_error(error, endpoint, values)
           ^^^^^^^^^^^^^^^^^^^^^^^^^^^^^^^^^^^^^^^^^^^^^^^^^^^^
  File "/home/codespace/.local/lib/python3.12/site-packages/flask/app.py", line 1110, in url_for
    rv = url_adapter.build(  # type: ignore[union-attr]
         ^^^^^^^^^^^^^^^^^^^^^^^^^^^^^^^^^^^^^^^^^^^^^^
  File "/home/codespace/.local/lib/python3.12/site-packages/werkzeug/routing/map.py", line 924, in build
    raise BuildError(endpoint, values, method, self)
werkzeug.routing.exceptions.BuildError: Could not build url for endpoint 'home'. Did you mean 'health' instead?


2025-09-28 14:04:56,753 ERROR Unhandled exception: 404 Not Found: The requested URL was not found on the server. If you entered the URL manually please check your spelling and try again.
Traceback (most recent call last):
  File "/home/codespace/.local/lib/python3.12/site-packages/flask/app.py", line 917, in full_dispatch_request
    rv = self.dispatch_request()
         ^^^^^^^^^^^^^^^^^^^^^^^
  File "/home/codespace/.local/lib/python3.12/site-packages/flask/app.py", line 891, in dispatch_request
    self.raise_routing_exception(req)
  File "/home/codespace/.local/lib/python3.12/site-packages/flask/app.py", line 500, in raise_routing_exception
    raise request.routing_exception  # type: ignore[misc]
    ^^^^^^^^^^^^^^^^^^^^^^^^^^^^^^^
  File "/home/codespace/.local/lib/python3.12/site-packages/flask/ctx.py", line 362, in match_request
    result = self.url_adapter.match(return_rule=True)  # type: ignore
             ^^^^^^^^^^^^^^^^^^^^^^^^^^^^^^^^^^^^^^^^
  File "/home/codespace/.local/lib/python3.12/site-packages/werkzeug/routing/map.py", line 629, in match
    raise NotFound() from None
werkzeug.exceptions.NotFound: 404 Not Found: The requested URL was not found on the server. If you entered the URL manually please check your spelling and try again.


2025-09-28 14:04:56,755 ERROR Template rendering failed for error_generic.html: Could not build url for endpoint 'home'. Did you mean 'health' instead?
Traceback (most recent call last):
  File "/home/codespace/.local/lib/python3.12/site-packages/flask/app.py", line 917, in full_dispatch_request
    rv = self.dispatch_request()
         ^^^^^^^^^^^^^^^^^^^^^^^
  File "/home/codespace/.local/lib/python3.12/site-packages/flask/app.py", line 891, in dispatch_request
    self.raise_routing_exception(req)
  File "/home/codespace/.local/lib/python3.12/site-packages/flask/app.py", line 500, in raise_routing_exception
    raise request.routing_exception  # type: ignore[misc]
    ^^^^^^^^^^^^^^^^^^^^^^^^^^^^^^^
  File "/home/codespace/.local/lib/python3.12/site-packages/flask/ctx.py", line 362, in match_request
    result = self.url_adapter.match(return_rule=True)  # type: ignore
             ^^^^^^^^^^^^^^^^^^^^^^^^^^^^^^^^^^^^^^^^
  File "/home/codespace/.local/lib/python3.12/site-packages/werkzeug/routing/map.py", line 629, in match
    raise NotFound() from None
werkzeug.exceptions.NotFound: 404 Not Found: The requested URL was not found on the server. If you entered the URL manually please check your spelling and try again.

During handling of the above exception, another exception occurred:

Traceback (most recent call last):
  File "/workspaces/Firebed_private/app.py", line 282, in safe_render
    return render_template(template_name, **ctx)
           ^^^^^^^^^^^^^^^^^^^^^^^^^^^^^^^^^^^^^
  File "/home/codespace/.local/lib/python3.12/site-packages/flask/templating.py", line 150, in render_template
    return _render(app, template, context)
           ^^^^^^^^^^^^^^^^^^^^^^^^^^^^^^^
  File "/home/codespace/.local/lib/python3.12/site-packages/flask/templating.py", line 131, in _render
    rv = template.render(context)
         ^^^^^^^^^^^^^^^^^^^^^^^^
  File "/home/codespace/.local/lib/python3.12/site-packages/jinja2/environment.py", line 1295, in render
    self.environment.handle_exception()
  File "/home/codespace/.local/lib/python3.12/site-packages/jinja2/environment.py", line 942, in handle_exception
    raise rewrite_traceback_stack(source=source)
  File "/workspaces/Firebed_private/templates/error_generic.html", line 1, in top-level template code
    {% extends "base.html" %}
  File "/workspaces/Firebed_private/templates/base.html", line 47, in top-level template code
    <a href="{{ url_for('home') }}" class="px-3 py-2 rounded-md text-sm font-medium {% if active_page=='home' %}bg-sky-600 text-white{% else %}bg-white border hover:bg-gray-100 text-gray-700{% endif %}">Μενού</a>
    ^^^^^^^^^^^^^^^^^^^^^^^^^
  File "/home/codespace/.local/lib/python3.12/site-packages/flask/app.py", line 1121, in url_for
    return self.handle_url_build_error(error, endpoint, values)
           ^^^^^^^^^^^^^^^^^^^^^^^^^^^^^^^^^^^^^^^^^^^^^^^^^^^^
  File "/home/codespace/.local/lib/python3.12/site-packages/flask/app.py", line 1110, in url_for
    rv = url_adapter.build(  # type: ignore[union-attr]
         ^^^^^^^^^^^^^^^^^^^^^^^^^^^^^^^^^^^^^^^^^^^^^^
  File "/home/codespace/.local/lib/python3.12/site-packages/werkzeug/routing/map.py", line 924, in build
    raise BuildError(endpoint, values, method, self)
werkzeug.routing.exceptions.BuildError: Could not build url for endpoint 'home'. Did you mean 'health' instead?


2025-09-28 14:07:41,306 INFO Starting app - MYDATA_ENV=production

2025-09-28 14:08:26,297 ERROR Unhandled exception: 404 Not Found: The requested URL was not found on the server. If you entered the URL manually please check your spelling and try again.
Traceback (most recent call last):
  File "/home/codespace/.local/lib/python3.12/site-packages/flask/app.py", line 917, in full_dispatch_request
    rv = self.dispatch_request()
         ^^^^^^^^^^^^^^^^^^^^^^^
  File "/home/codespace/.local/lib/python3.12/site-packages/flask/app.py", line 891, in dispatch_request
    self.raise_routing_exception(req)
  File "/home/codespace/.local/lib/python3.12/site-packages/flask/app.py", line 500, in raise_routing_exception
    raise request.routing_exception  # type: ignore[misc]
    ^^^^^^^^^^^^^^^^^^^^^^^^^^^^^^^
  File "/home/codespace/.local/lib/python3.12/site-packages/flask/ctx.py", line 362, in match_request
    result = self.url_adapter.match(return_rule=True)  # type: ignore
             ^^^^^^^^^^^^^^^^^^^^^^^^^^^^^^^^^^^^^^^^
  File "/home/codespace/.local/lib/python3.12/site-packages/werkzeug/routing/map.py", line 629, in match
    raise NotFound() from None
werkzeug.exceptions.NotFound: 404 Not Found: The requested URL was not found on the server. If you entered the URL manually please check your spelling and try again.


2025-09-28 14:08:26,315 ERROR Template rendering failed for error_generic.html: Could not build url for endpoint 'home'. Did you mean 'health' instead?
Traceback (most recent call last):
  File "/home/codespace/.local/lib/python3.12/site-packages/flask/app.py", line 917, in full_dispatch_request
    rv = self.dispatch_request()
         ^^^^^^^^^^^^^^^^^^^^^^^
  File "/home/codespace/.local/lib/python3.12/site-packages/flask/app.py", line 891, in dispatch_request
    self.raise_routing_exception(req)
  File "/home/codespace/.local/lib/python3.12/site-packages/flask/app.py", line 500, in raise_routing_exception
    raise request.routing_exception  # type: ignore[misc]
    ^^^^^^^^^^^^^^^^^^^^^^^^^^^^^^^
  File "/home/codespace/.local/lib/python3.12/site-packages/flask/ctx.py", line 362, in match_request
    result = self.url_adapter.match(return_rule=True)  # type: ignore
             ^^^^^^^^^^^^^^^^^^^^^^^^^^^^^^^^^^^^^^^^
  File "/home/codespace/.local/lib/python3.12/site-packages/werkzeug/routing/map.py", line 629, in match
    raise NotFound() from None
werkzeug.exceptions.NotFound: 404 Not Found: The requested URL was not found on the server. If you entered the URL manually please check your spelling and try again.

During handling of the above exception, another exception occurred:

Traceback (most recent call last):
  File "/workspaces/Firebed_private/app.py", line 282, in safe_render
    return render_template(template_name, **ctx)
           ^^^^^^^^^^^^^^^^^^^^^^^^^^^^^^^^^^^^^
  File "/home/codespace/.local/lib/python3.12/site-packages/flask/templating.py", line 150, in render_template
    return _render(app, template, context)
           ^^^^^^^^^^^^^^^^^^^^^^^^^^^^^^^
  File "/home/codespace/.local/lib/python3.12/site-packages/flask/templating.py", line 131, in _render
    rv = template.render(context)
         ^^^^^^^^^^^^^^^^^^^^^^^^
  File "/home/codespace/.local/lib/python3.12/site-packages/jinja2/environment.py", line 1295, in render
    self.environment.handle_exception()
  File "/home/codespace/.local/lib/python3.12/site-packages/jinja2/environment.py", line 942, in handle_exception
    raise rewrite_traceback_stack(source=source)
  File "/workspaces/Firebed_private/templates/error_generic.html", line 1, in top-level template code
    {% extends "base.html" %}
  File "/workspaces/Firebed_private/templates/base.html", line 47, in top-level template code
    <a href="{{ url_for('home') }}" class="px-3 py-2 rounded-md text-sm font-medium {% if active_page=='home' %}bg-sky-600 text-white{% else %}bg-white border hover:bg-gray-100 text-gray-700{% endif %}">Μενού</a>
    ^^^^^^^^^^^^^^^^^^^^^^^^^
  File "/home/codespace/.local/lib/python3.12/site-packages/flask/app.py", line 1121, in url_for
    return self.handle_url_build_error(error, endpoint, values)
           ^^^^^^^^^^^^^^^^^^^^^^^^^^^^^^^^^^^^^^^^^^^^^^^^^^^^
  File "/home/codespace/.local/lib/python3.12/site-packages/flask/app.py", line 1110, in url_for
    rv = url_adapter.build(  # type: ignore[union-attr]
         ^^^^^^^^^^^^^^^^^^^^^^^^^^^^^^^^^^^^^^^^^^^^^^
  File "/home/codespace/.local/lib/python3.12/site-packages/werkzeug/routing/map.py", line 924, in build
    raise BuildError(endpoint, values, method, self)
werkzeug.routing.exceptions.BuildError: Could not build url for endpoint 'home'. Did you mean 'health' instead?


2025-09-28 14:08:28,491 ERROR Unhandled exception: 404 Not Found: The requested URL was not found on the server. If you entered the URL manually please check your spelling and try again.
Traceback (most recent call last):
  File "/home/codespace/.local/lib/python3.12/site-packages/flask/app.py", line 917, in full_dispatch_request
    rv = self.dispatch_request()
         ^^^^^^^^^^^^^^^^^^^^^^^
  File "/home/codespace/.local/lib/python3.12/site-packages/flask/app.py", line 891, in dispatch_request
    self.raise_routing_exception(req)
  File "/home/codespace/.local/lib/python3.12/site-packages/flask/app.py", line 500, in raise_routing_exception
    raise request.routing_exception  # type: ignore[misc]
    ^^^^^^^^^^^^^^^^^^^^^^^^^^^^^^^
  File "/home/codespace/.local/lib/python3.12/site-packages/flask/ctx.py", line 362, in match_request
    result = self.url_adapter.match(return_rule=True)  # type: ignore
             ^^^^^^^^^^^^^^^^^^^^^^^^^^^^^^^^^^^^^^^^
  File "/home/codespace/.local/lib/python3.12/site-packages/werkzeug/routing/map.py", line 629, in match
    raise NotFound() from None
werkzeug.exceptions.NotFound: 404 Not Found: The requested URL was not found on the server. If you entered the URL manually please check your spelling and try again.


2025-09-28 14:08:28,492 ERROR Template rendering failed for error_generic.html: Could not build url for endpoint 'home'. Did you mean 'health' instead?
Traceback (most recent call last):
  File "/home/codespace/.local/lib/python3.12/site-packages/flask/app.py", line 917, in full_dispatch_request
    rv = self.dispatch_request()
         ^^^^^^^^^^^^^^^^^^^^^^^
  File "/home/codespace/.local/lib/python3.12/site-packages/flask/app.py", line 891, in dispatch_request
    self.raise_routing_exception(req)
  File "/home/codespace/.local/lib/python3.12/site-packages/flask/app.py", line 500, in raise_routing_exception
    raise request.routing_exception  # type: ignore[misc]
    ^^^^^^^^^^^^^^^^^^^^^^^^^^^^^^^
  File "/home/codespace/.local/lib/python3.12/site-packages/flask/ctx.py", line 362, in match_request
    result = self.url_adapter.match(return_rule=True)  # type: ignore
             ^^^^^^^^^^^^^^^^^^^^^^^^^^^^^^^^^^^^^^^^
  File "/home/codespace/.local/lib/python3.12/site-packages/werkzeug/routing/map.py", line 629, in match
    raise NotFound() from None
werkzeug.exceptions.NotFound: 404 Not Found: The requested URL was not found on the server. If you entered the URL manually please check your spelling and try again.

During handling of the above exception, another exception occurred:

Traceback (most recent call last):
  File "/workspaces/Firebed_private/app.py", line 282, in safe_render
    return render_template(template_name, **ctx)
           ^^^^^^^^^^^^^^^^^^^^^^^^^^^^^^^^^^^^^
  File "/home/codespace/.local/lib/python3.12/site-packages/flask/templating.py", line 150, in render_template
    return _render(app, template, context)
           ^^^^^^^^^^^^^^^^^^^^^^^^^^^^^^^
  File "/home/codespace/.local/lib/python3.12/site-packages/flask/templating.py", line 131, in _render
    rv = template.render(context)
         ^^^^^^^^^^^^^^^^^^^^^^^^
  File "/home/codespace/.local/lib/python3.12/site-packages/jinja2/environment.py", line 1295, in render
    self.environment.handle_exception()
  File "/home/codespace/.local/lib/python3.12/site-packages/jinja2/environment.py", line 942, in handle_exception
    raise rewrite_traceback_stack(source=source)
  File "/workspaces/Firebed_private/templates/error_generic.html", line 1, in top-level template code
    {% extends "base.html" %}
  File "/workspaces/Firebed_private/templates/base.html", line 47, in top-level template code
    <a href="{{ url_for('home') }}" class="px-3 py-2 rounded-md text-sm font-medium {% if active_page=='home' %}bg-sky-600 text-white{% else %}bg-white border hover:bg-gray-100 text-gray-700{% endif %}">Μενού</a>
    ^^^^^^^^^^^^^^^^^^^^^^^^^
  File "/home/codespace/.local/lib/python3.12/site-packages/flask/app.py", line 1121, in url_for
    return self.handle_url_build_error(error, endpoint, values)
           ^^^^^^^^^^^^^^^^^^^^^^^^^^^^^^^^^^^^^^^^^^^^^^^^^^^^
  File "/home/codespace/.local/lib/python3.12/site-packages/flask/app.py", line 1110, in url_for
    rv = url_adapter.build(  # type: ignore[union-attr]
         ^^^^^^^^^^^^^^^^^^^^^^^^^^^^^^^^^^^^^^^^^^^^^^
  File "/home/codespace/.local/lib/python3.12/site-packages/werkzeug/routing/map.py", line 924, in build
    raise BuildError(endpoint, values, method, self)
werkzeug.routing.exceptions.BuildError: Could not build url for endpoint 'home'. Did you mean 'health' instead?


2025-09-28 14:08:34,172 ERROR Unhandled exception: 404 Not Found: The requested URL was not found on the server. If you entered the URL manually please check your spelling and try again.
Traceback (most recent call last):
  File "/home/codespace/.local/lib/python3.12/site-packages/flask/app.py", line 917, in full_dispatch_request
    rv = self.dispatch_request()
         ^^^^^^^^^^^^^^^^^^^^^^^
  File "/home/codespace/.local/lib/python3.12/site-packages/flask/app.py", line 891, in dispatch_request
    self.raise_routing_exception(req)
  File "/home/codespace/.local/lib/python3.12/site-packages/flask/app.py", line 500, in raise_routing_exception
    raise request.routing_exception  # type: ignore[misc]
    ^^^^^^^^^^^^^^^^^^^^^^^^^^^^^^^
  File "/home/codespace/.local/lib/python3.12/site-packages/flask/ctx.py", line 362, in match_request
    result = self.url_adapter.match(return_rule=True)  # type: ignore
             ^^^^^^^^^^^^^^^^^^^^^^^^^^^^^^^^^^^^^^^^
  File "/home/codespace/.local/lib/python3.12/site-packages/werkzeug/routing/map.py", line 629, in match
    raise NotFound() from None
werkzeug.exceptions.NotFound: 404 Not Found: The requested URL was not found on the server. If you entered the URL manually please check your spelling and try again.


2025-09-28 14:08:34,174 ERROR Template rendering failed for error_generic.html: Could not build url for endpoint 'home'. Did you mean 'health' instead?
Traceback (most recent call last):
  File "/home/codespace/.local/lib/python3.12/site-packages/flask/app.py", line 917, in full_dispatch_request
    rv = self.dispatch_request()
         ^^^^^^^^^^^^^^^^^^^^^^^
  File "/home/codespace/.local/lib/python3.12/site-packages/flask/app.py", line 891, in dispatch_request
    self.raise_routing_exception(req)
  File "/home/codespace/.local/lib/python3.12/site-packages/flask/app.py", line 500, in raise_routing_exception
    raise request.routing_exception  # type: ignore[misc]
    ^^^^^^^^^^^^^^^^^^^^^^^^^^^^^^^
  File "/home/codespace/.local/lib/python3.12/site-packages/flask/ctx.py", line 362, in match_request
    result = self.url_adapter.match(return_rule=True)  # type: ignore
             ^^^^^^^^^^^^^^^^^^^^^^^^^^^^^^^^^^^^^^^^
  File "/home/codespace/.local/lib/python3.12/site-packages/werkzeug/routing/map.py", line 629, in match
    raise NotFound() from None
werkzeug.exceptions.NotFound: 404 Not Found: The requested URL was not found on the server. If you entered the URL manually please check your spelling and try again.

During handling of the above exception, another exception occurred:

Traceback (most recent call last):
  File "/workspaces/Firebed_private/app.py", line 282, in safe_render
    return render_template(template_name, **ctx)
           ^^^^^^^^^^^^^^^^^^^^^^^^^^^^^^^^^^^^^
  File "/home/codespace/.local/lib/python3.12/site-packages/flask/templating.py", line 150, in render_template
    return _render(app, template, context)
           ^^^^^^^^^^^^^^^^^^^^^^^^^^^^^^^
  File "/home/codespace/.local/lib/python3.12/site-packages/flask/templating.py", line 131, in _render
    rv = template.render(context)
         ^^^^^^^^^^^^^^^^^^^^^^^^
  File "/home/codespace/.local/lib/python3.12/site-packages/jinja2/environment.py", line 1295, in render
    self.environment.handle_exception()
  File "/home/codespace/.local/lib/python3.12/site-packages/jinja2/environment.py", line 942, in handle_exception
    raise rewrite_traceback_stack(source=source)
  File "/workspaces/Firebed_private/templates/error_generic.html", line 1, in top-level template code
    {% extends "base.html" %}
  File "/workspaces/Firebed_private/templates/base.html", line 47, in top-level template code
    <a href="{{ url_for('home') }}" class="px-3 py-2 rounded-md text-sm font-medium {% if active_page=='home' %}bg-sky-600 text-white{% else %}bg-white border hover:bg-gray-100 text-gray-700{% endif %}">Μενού</a>
    ^^^^^^^^^^^^^^^^^^^^^^^^^
  File "/home/codespace/.local/lib/python3.12/site-packages/flask/app.py", line 1121, in url_for
    return self.handle_url_build_error(error, endpoint, values)
           ^^^^^^^^^^^^^^^^^^^^^^^^^^^^^^^^^^^^^^^^^^^^^^^^^^^^
  File "/home/codespace/.local/lib/python3.12/site-packages/flask/app.py", line 1110, in url_for
    rv = url_adapter.build(  # type: ignore[union-attr]
         ^^^^^^^^^^^^^^^^^^^^^^^^^^^^^^^^^^^^^^^^^^^^^^
  File "/home/codespace/.local/lib/python3.12/site-packages/werkzeug/routing/map.py", line 924, in build
    raise BuildError(endpoint, values, method, self)
werkzeug.routing.exceptions.BuildError: Could not build url for endpoint 'home'. Did you mean 'health' instead?


2025-09-28 14:08:39,428 ERROR Template rendering failed for list.html: Could not build url for endpoint 'home'. Did you mean 'health' instead?
Traceback (most recent call last):
  File "/workspaces/Firebed_private/app.py", line 282, in safe_render
    return render_template(template_name, **ctx)
           ^^^^^^^^^^^^^^^^^^^^^^^^^^^^^^^^^^^^^
  File "/home/codespace/.local/lib/python3.12/site-packages/flask/templating.py", line 150, in render_template
    return _render(app, template, context)
           ^^^^^^^^^^^^^^^^^^^^^^^^^^^^^^^
  File "/home/codespace/.local/lib/python3.12/site-packages/flask/templating.py", line 131, in _render
    rv = template.render(context)
         ^^^^^^^^^^^^^^^^^^^^^^^^
  File "/home/codespace/.local/lib/python3.12/site-packages/jinja2/environment.py", line 1295, in render
    self.environment.handle_exception()
  File "/home/codespace/.local/lib/python3.12/site-packages/jinja2/environment.py", line 942, in handle_exception
    raise rewrite_traceback_stack(source=source)
  File "/workspaces/Firebed_private/templates/list.html", line 1, in top-level template code
    {% extends "base.html" %}
  File "/workspaces/Firebed_private/templates/base.html", line 47, in top-level template code
    <a href="{{ url_for('home') }}" class="px-3 py-2 rounded-md text-sm font-medium {% if active_page=='home' %}bg-sky-600 text-white{% else %}bg-white border hover:bg-gray-100 text-gray-700{% endif %}">Μενού</a>
    ^^^^^^^^^^^^^^^^^^^^^^^^^
  File "/home/codespace/.local/lib/python3.12/site-packages/flask/app.py", line 1121, in url_for
    return self.handle_url_build_error(error, endpoint, values)
           ^^^^^^^^^^^^^^^^^^^^^^^^^^^^^^^^^^^^^^^^^^^^^^^^^^^^
  File "/home/codespace/.local/lib/python3.12/site-packages/flask/app.py", line 1110, in url_for
    rv = url_adapter.build(  # type: ignore[union-attr]
         ^^^^^^^^^^^^^^^^^^^^^^^^^^^^^^^^^^^^^^^^^^^^^^
  File "/home/codespace/.local/lib/python3.12/site-packages/werkzeug/routing/map.py", line 924, in build
    raise BuildError(endpoint, values, method, self)
werkzeug.routing.exceptions.BuildError: Could not build url for endpoint 'home'. Did you mean 'health' instead?


2025-09-28 14:08:47,910 ERROR Unhandled exception: 404 Not Found: The requested URL was not found on the server. If you entered the URL manually please check your spelling and try again.
Traceback (most recent call last):
  File "/home/codespace/.local/lib/python3.12/site-packages/flask/app.py", line 917, in full_dispatch_request
    rv = self.dispatch_request()
         ^^^^^^^^^^^^^^^^^^^^^^^
  File "/home/codespace/.local/lib/python3.12/site-packages/flask/app.py", line 891, in dispatch_request
    self.raise_routing_exception(req)
  File "/home/codespace/.local/lib/python3.12/site-packages/flask/app.py", line 500, in raise_routing_exception
    raise request.routing_exception  # type: ignore[misc]
    ^^^^^^^^^^^^^^^^^^^^^^^^^^^^^^^
  File "/home/codespace/.local/lib/python3.12/site-packages/flask/ctx.py", line 362, in match_request
    result = self.url_adapter.match(return_rule=True)  # type: ignore
             ^^^^^^^^^^^^^^^^^^^^^^^^^^^^^^^^^^^^^^^^
  File "/home/codespace/.local/lib/python3.12/site-packages/werkzeug/routing/map.py", line 629, in match
    raise NotFound() from None
werkzeug.exceptions.NotFound: 404 Not Found: The requested URL was not found on the server. If you entered the URL manually please check your spelling and try again.


2025-09-28 14:08:47,913 ERROR Template rendering failed for error_generic.html: Could not build url for endpoint 'home'. Did you mean 'health' instead?
Traceback (most recent call last):
  File "/home/codespace/.local/lib/python3.12/site-packages/flask/app.py", line 917, in full_dispatch_request
    rv = self.dispatch_request()
         ^^^^^^^^^^^^^^^^^^^^^^^
  File "/home/codespace/.local/lib/python3.12/site-packages/flask/app.py", line 891, in dispatch_request
    self.raise_routing_exception(req)
  File "/home/codespace/.local/lib/python3.12/site-packages/flask/app.py", line 500, in raise_routing_exception
    raise request.routing_exception  # type: ignore[misc]
    ^^^^^^^^^^^^^^^^^^^^^^^^^^^^^^^
  File "/home/codespace/.local/lib/python3.12/site-packages/flask/ctx.py", line 362, in match_request
    result = self.url_adapter.match(return_rule=True)  # type: ignore
             ^^^^^^^^^^^^^^^^^^^^^^^^^^^^^^^^^^^^^^^^
  File "/home/codespace/.local/lib/python3.12/site-packages/werkzeug/routing/map.py", line 629, in match
    raise NotFound() from None
werkzeug.exceptions.NotFound: 404 Not Found: The requested URL was not found on the server. If you entered the URL manually please check your spelling and try again.

During handling of the above exception, another exception occurred:

Traceback (most recent call last):
  File "/workspaces/Firebed_private/app.py", line 282, in safe_render
    return render_template(template_name, **ctx)
           ^^^^^^^^^^^^^^^^^^^^^^^^^^^^^^^^^^^^^
  File "/home/codespace/.local/lib/python3.12/site-packages/flask/templating.py", line 150, in render_template
    return _render(app, template, context)
           ^^^^^^^^^^^^^^^^^^^^^^^^^^^^^^^
  File "/home/codespace/.local/lib/python3.12/site-packages/flask/templating.py", line 131, in _render
    rv = template.render(context)
         ^^^^^^^^^^^^^^^^^^^^^^^^
  File "/home/codespace/.local/lib/python3.12/site-packages/jinja2/environment.py", line 1295, in render
    self.environment.handle_exception()
  File "/home/codespace/.local/lib/python3.12/site-packages/jinja2/environment.py", line 942, in handle_exception
    raise rewrite_traceback_stack(source=source)
  File "/workspaces/Firebed_private/templates/error_generic.html", line 1, in top-level template code
    {% extends "base.html" %}
  File "/workspaces/Firebed_private/templates/base.html", line 47, in top-level template code
    <a href="{{ url_for('home') }}" class="px-3 py-2 rounded-md text-sm font-medium {% if active_page=='home' %}bg-sky-600 text-white{% else %}bg-white border hover:bg-gray-100 text-gray-700{% endif %}">Μενού</a>
    ^^^^^^^^^^^^^^^^^^^^^^^^^
  File "/home/codespace/.local/lib/python3.12/site-packages/flask/app.py", line 1121, in url_for
    return self.handle_url_build_error(error, endpoint, values)
           ^^^^^^^^^^^^^^^^^^^^^^^^^^^^^^^^^^^^^^^^^^^^^^^^^^^^
  File "/home/codespace/.local/lib/python3.12/site-packages/flask/app.py", line 1110, in url_for
    rv = url_adapter.build(  # type: ignore[union-attr]
         ^^^^^^^^^^^^^^^^^^^^^^^^^^^^^^^^^^^^^^^^^^^^^^
  File "/home/codespace/.local/lib/python3.12/site-packages/werkzeug/routing/map.py", line 924, in build
    raise BuildError(endpoint, values, method, self)
werkzeug.routing.exceptions.BuildError: Could not build url for endpoint 'home'. Did you mean 'health' instead?


2025-09-28 14:08:48,527 INFO Starting app - MYDATA_ENV=production

2025-09-28 14:08:58,433 INFO Starting app - MYDATA_ENV=production

2025-09-28 14:08:58,747 INFO Incoming request: method=GET path=/fetch remote=127.0.0.1 ref=https://literate-doodle-4jgrv45gggxxc5jq9-5001.app.github.dev/list

2025-09-28 14:08:59,288 INFO Incoming request: method=GET path=/favicon.ico remote=127.0.0.1 ref=https://literate-doodle-4jgrv45gggxxc5jq9-5001.app.github.dev/fetch

2025-09-28 14:09:00,667 INFO Incoming request: method=GET path=/ remote=127.0.0.1 ref=https://literate-doodle-4jgrv45gggxxc5jq9-5001.app.github.dev/fetch

2025-09-28 14:09:01,036 INFO Incoming request: method=GET path=/favicon.ico remote=127.0.0.1 ref=https://literate-doodle-4jgrv45gggxxc5jq9-5001.app.github.dev/

2025-09-28 14:09:02,351 INFO Incoming request: method=GET path=/list remote=127.0.0.1 ref=https://literate-doodle-4jgrv45gggxxc5jq9-5001.app.github.dev/

2025-09-28 14:09:03,612 INFO Incoming request: method=GET path=/favicon.ico remote=127.0.0.1 ref=https://literate-doodle-4jgrv45gggxxc5jq9-5001.app.github.dev/list

2025-09-28 14:09:04,318 INFO Incoming request: method=GET path=/search remote=127.0.0.1 ref=https://literate-doodle-4jgrv45gggxxc5jq9-5001.app.github.dev/list

2025-09-28 14:09:04,691 INFO Incoming request: method=GET path=/favicon.ico remote=127.0.0.1 ref=https://literate-doodle-4jgrv45gggxxc5jq9-5001.app.github.dev/search

2025-09-28 14:09:05,526 INFO Incoming request: method=GET path=/credentials remote=127.0.0.1 ref=https://literate-doodle-4jgrv45gggxxc5jq9-5001.app.github.dev/search

2025-09-28 14:09:05,931 INFO Incoming request: method=GET path=/favicon.ico remote=127.0.0.1 ref=https://literate-doodle-4jgrv45gggxxc5jq9-5001.app.github.dev/credentials

2025-09-28 14:09:09,328 INFO Incoming request: method=POST path=/set_active remote=127.0.0.1 ref=https://literate-doodle-4jgrv45gggxxc5jq9-5001.app.github.dev/credentials

2025-09-28 14:09:09,410 INFO Incoming request: method=GET path=/credentials remote=127.0.0.1 ref=https://literate-doodle-4jgrv45gggxxc5jq9-5001.app.github.dev/credentials

2025-09-28 14:09:09,770 INFO Incoming request: method=GET path=/favicon.ico remote=127.0.0.1 ref=https://literate-doodle-4jgrv45gggxxc5jq9-5001.app.github.dev/credentials

2025-09-28 14:09:22,230 INFO Incoming request: method=GET path=/search remote=127.0.0.1 ref=https://literate-doodle-4jgrv45gggxxc5jq9-5001.app.github.dev/credentials

2025-09-28 14:09:22,614 INFO Incoming request: method=GET path=/favicon.ico remote=127.0.0.1 ref=https://literate-doodle-4jgrv45gggxxc5jq9-5001.app.github.dev/search

2025-09-28 14:09:26,875 INFO Incoming request: method=POST path=/search remote=127.0.0.1 ref=https://literate-doodle-4jgrv45gggxxc5jq9-5001.app.github.dev/search

2025-09-28 14:09:27,158 INFO Incoming request: method=GET path=/favicon.ico remote=127.0.0.1 ref=https://literate-doodle-4jgrv45gggxxc5jq9-5001.app.github.dev/search

2025-09-28 14:15:41,531 INFO Starting app - MYDATA_ENV=production

2025-09-28 14:15:52,699 INFO Incoming request: method=POST path=/search remote=127.0.0.1 ref=https://literate-doodle-4jgrv45gggxxc5jq9-5001.app.github.dev/search

2025-09-28 14:15:53,250 INFO Incoming request: method=GET path=/favicon.ico remote=127.0.0.1 ref=https://literate-doodle-4jgrv45gggxxc5jq9-5001.app.github.dev/search

2025-09-28 14:16:49,586 INFO Incoming request: method=GET path=/fetch remote=127.0.0.1 ref=https://literate-doodle-4jgrv45gggxxc5jq9-5001.app.github.dev/search

2025-09-28 14:16:50,051 INFO Incoming request: method=GET path=/favicon.ico remote=127.0.0.1 ref=https://literate-doodle-4jgrv45gggxxc5jq9-5001.app.github.dev/fetch

2025-09-28 14:16:55,101 INFO Incoming request: method=POST path=/fetch remote=127.0.0.1 ref=https://literate-doodle-4jgrv45gggxxc5jq9-5001.app.github.dev/fetch

2025-09-28 14:16:56,206 INFO Incoming request: method=GET path=/favicon.ico remote=127.0.0.1 ref=https://literate-doodle-4jgrv45gggxxc5jq9-5001.app.github.dev/fetch

2025-09-28 14:16:57,662 INFO Incoming request: method=GET path=/credentials remote=127.0.0.1 ref=https://literate-doodle-4jgrv45gggxxc5jq9-5001.app.github.dev/fetch

2025-09-28 14:16:58,064 INFO Incoming request: method=GET path=/favicon.ico remote=127.0.0.1 ref=https://literate-doodle-4jgrv45gggxxc5jq9-5001.app.github.dev/credentials

2025-09-28 14:17:02,520 INFO Incoming request: method=POST path=/credentials/edit/Test remote=127.0.0.1 ref=https://literate-doodle-4jgrv45gggxxc5jq9-5001.app.github.dev/credentials

2025-09-28 14:17:02,698 INFO Incoming request: method=GET path=/credentials remote=127.0.0.1 ref=https://literate-doodle-4jgrv45gggxxc5jq9-5001.app.github.dev/credentials

2025-09-28 14:17:03,186 INFO Incoming request: method=GET path=/favicon.ico remote=127.0.0.1 ref=https://literate-doodle-4jgrv45gggxxc5jq9-5001.app.github.dev/credentials

2025-09-28 14:26:26,246 INFO Starting app - MYDATA_ENV=production

2025-09-28 14:26:28,577 INFO Incoming request: method=GET path=/credentials remote=127.0.0.1 ref=https://literate-doodle-4jgrv45gggxxc5jq9-5001.app.github.dev/credentials

2025-09-28 14:26:29,125 INFO Incoming request: method=GET path=/favicon.ico remote=127.0.0.1 ref=https://literate-doodle-4jgrv45gggxxc5jq9-5001.app.github.dev/credentials

2025-09-28 14:26:30,880 INFO Incoming request: method=GET path=/search remote=127.0.0.1 ref=https://literate-doodle-4jgrv45gggxxc5jq9-5001.app.github.dev/credentials

2025-09-28 14:26:31,247 INFO Incoming request: method=GET path=/favicon.ico remote=127.0.0.1 ref=https://literate-doodle-4jgrv45gggxxc5jq9-5001.app.github.dev/search

2025-09-28 14:26:34,086 INFO Incoming request: method=POST path=/search remote=127.0.0.1 ref=https://literate-doodle-4jgrv45gggxxc5jq9-5001.app.github.dev/search

2025-09-28 14:26:34,429 INFO Incoming request: method=GET path=/favicon.ico remote=127.0.0.1 ref=https://literate-doodle-4jgrv45gggxxc5jq9-5001.app.github.dev/search

2025-09-28 14:26:37,085 INFO Incoming request: method=POST path=/save_summary remote=127.0.0.1 ref=https://literate-doodle-4jgrv45gggxxc5jq9-5001.app.github.dev/search

2025-09-28 14:26:37,468 INFO Incoming request: method=GET path=/list remote=127.0.0.1 ref=https://literate-doodle-4jgrv45gggxxc5jq9-5001.app.github.dev/search

2025-09-28 14:26:38,870 INFO Incoming request: method=GET path=/favicon.ico remote=127.0.0.1 ref=https://literate-doodle-4jgrv45gggxxc5jq9-5001.app.github.dev/list

2025-09-28 14:27:28,029 INFO Incoming request: method=GET path=/fetch remote=127.0.0.1 ref=https://literate-doodle-4jgrv45gggxxc5jq9-5001.app.github.dev/list

2025-09-28 14:27:28,546 INFO Incoming request: method=GET path=/favicon.ico remote=127.0.0.1 ref=https://literate-doodle-4jgrv45gggxxc5jq9-5001.app.github.dev/fetch

2025-09-28 14:27:38,892 INFO Incoming request: method=POST path=/fetch remote=127.0.0.1 ref=https://literate-doodle-4jgrv45gggxxc5jq9-5001.app.github.dev/fetch

2025-09-28 14:27:39,668 INFO Incoming request: method=GET path=/favicon.ico remote=127.0.0.1 ref=https://literate-doodle-4jgrv45gggxxc5jq9-5001.app.github.dev/fetch

2025-09-28 14:27:46,111 INFO Incoming request: method=GET path=/search remote=127.0.0.1 ref=https://literate-doodle-4jgrv45gggxxc5jq9-5001.app.github.dev/fetch

2025-09-28 14:27:46,384 INFO Incoming request: method=GET path=/favicon.ico remote=127.0.0.1 ref=https://literate-doodle-4jgrv45gggxxc5jq9-5001.app.github.dev/search

2025-09-28 14:27:47,932 INFO Incoming request: method=POST path=/search remote=127.0.0.1 ref=https://literate-doodle-4jgrv45gggxxc5jq9-5001.app.github.dev/search

2025-09-28 14:27:48,205 INFO Incoming request: method=GET path=/favicon.ico remote=127.0.0.1 ref=https://literate-doodle-4jgrv45gggxxc5jq9-5001.app.github.dev/search

2025-09-28 14:27:50,987 INFO Incoming request: method=POST path=/save_summary remote=127.0.0.1 ref=https://literate-doodle-4jgrv45gggxxc5jq9-5001.app.github.dev/search

2025-09-28 14:27:51,094 INFO Incoming request: method=GET path=/list remote=127.0.0.1 ref=https://literate-doodle-4jgrv45gggxxc5jq9-5001.app.github.dev/search

2025-09-28 14:27:51,520 INFO Incoming request: method=GET path=/favicon.ico remote=127.0.0.1 ref=https://literate-doodle-4jgrv45gggxxc5jq9-5001.app.github.dev/list

